<?xml version="1.0" encoding="UTF-8"?>
<testsuite xmlns:xsi="http://www.w3.org/2001/XMLSchema-instance" xsi:noNamespaceSchemaLocation="https://maven.apache.org/surefire/maven-surefire-plugin/xsd/surefire-test-report.xsd" version="3.0.2" name="cucumber.options.TestRunner" time="1.375" tests="2" errors="0" skipped="0" failures="0">
  <properties>
[...]
</properties>
  <testcase name="Validate Add Place API with post request" classname="Validatee Add Place API" time="0.954">
    <system-out><![CDATA[
@AddPlace
Scenario Outline: Validate Add Place API with post request                  &amp#27;[90m# src/test/java/features/AddPlace.feature:15&amp#27;[0m
  &amp#27;[32mGiven &amp#27;[0m&amp#27;[32mAdd Place Payload with &amp#27;[0m&amp#27;[32m&amp#27;[1m"Sahil House"&amp#27;[0m&amp#27;[32m &amp#27;[0m&amp#27;[32m&amp#27;[1m"London"&amp#27;[0m&amp#27;[32m &amp#27;[0m&amp#27;[32m&amp#27;[1m"English"&amp#27;[0m             &amp#27;[90m# stepDefinition.AddPlaceStepDefinition.add_place_payload_with(java.lang.String,java.lang.String,java.lang.String)&amp#27;[0m
AddPlaceAPIio.restassured.internal.RestAssuredResponseImpl@5ad6cc21
  &amp#27;[32mWhen &amp#27;[0m&amp#27;[32muser calls &amp#27;[0m&amp#27;[32m&amp#27;[1m"AddPlaceAPI"&amp#27;[0m&amp#27;[32m with &amp#27;[0m&amp#27;[32m&amp#27;[1m"Post"&amp#27;[0m&amp#27;[32m http request&amp#27;[0m                    &amp#27;[90m# stepDefinition.AddPlaceStepDefinition.user_calls_with_post_http_request(java.lang.String,java.lang.String)&amp#27;[0m
  &amp#27;[32mThen &amp#27;[0m&amp#27;[32mthe API call got success with status code &amp#27;[0m&amp#27;[32m&amp#27;[1m200&amp#27;[0m                        &amp#27;[90m# stepDefinition.AddPlaceStepDefinition.the_api_call_got_success_with_code(int)&amp#27;[0m
Response Body: io.restassured.internal.RestAssuredResponseImpl@5ad6cc21
  &amp#27;[32mAnd &amp#27;[0m&amp#27;[32m&amp#27;[0m&amp#27;[32m&amp#27;[1m"status"&amp#27;[0m&amp#27;[32m in response body is &amp#27;[0m&amp#27;[32m&amp#27;[1m"OK"&amp#27;[0m                                     &amp#27;[90m# stepDefinition.AddPlaceStepDefinition.in_response_body_is(java.lang.String,java.lang.String)&amp#27;[0m
Place_id created: 1c3b035fbf1fcfbe48af162c01acfbdf
1c3b035fbf1fcfbe48af162c01acfbdf
GetPlaceAPIio.restassured.internal.RestAssuredResponseImpl@34c62fdf
  &amp#27;[32mAnd &amp#27;[0m&amp#27;[32mverify that place_id is created for &amp#27;[0m&amp#27;[32m&amp#27;[1m"Sahil House"&amp#27;[0m&amp#27;[32m using &amp#27;[0m&amp#27;[32m&amp#27;[1m"GetPlaceAPI"&amp#27;[0m &amp#27;[90m# stepDefinition.AddPlaceStepDefinition.verify_that_place_id_is_created_for_using(java.lang.String,java.lang.String)&amp#27;[0m
]]></system-out>
  </testcase>
  <testcase name="Validate Delete Place API with Post request" classname="Validatee Add Place API" time="0.219">
    <system-out><![CDATA[
@DeletePlace
Scenario: Validate Delete Place API with Post request                   &amp#27;[90m# src/test/java/features/AddPlace.feature:20&amp#27;[0m
Hook Running
place_id to be deleted: 1c3b035fbf1fcfbe48af162c01acfbdf
  &amp#27;[32mGiven &amp#27;[0m&amp#27;[32mDelete Place Payload with &amp#27;[0m&amp#27;[32m&amp#27;[1m"place_id"&amp#27;[0m                            &amp#27;[90m# stepDefinition.AddPlaceStepDefinition.delete_place_payload_with(java.lang.String)&amp#27;[0m
Response for delete: {"status":"OK"}
  &amp#27;[32mWhen &amp#27;[0m&amp#27;[32mdelete api is hit with &amp#27;[0m&amp#27;[32m&amp#27;[1m"DeletePlaceAPI"&amp#27;[0m&amp#27;[32m with &amp#27;[0m&amp#27;[32m&amp#27;[1m"Post"&amp#27;[0m&amp#27;[32m http request&amp#27;[0m &amp#27;[90m# stepDefinition.AddPlaceStepDefinition.delete_api_is_hit_with_with_http_request(java.lang.String,java.lang.String)&amp#27;[0m
  &amp#27;[32mThen &amp#27;[0m&amp#27;[32mstatus in response is &amp#27;[0m&amp#27;[32m&amp#27;[1m"OK"&amp#27;[0m                                       &amp#27;[90m# stepDefinition.AddPlaceStepDefinition.status_in_response_is(java.lang.String)&amp#27;[0m
]]></system-out>
  </testcase>
</testsuite>